Device: cuda
Config: {'name': 'mhc_s0', 'mode': 'mhc', 'seed': 0, 'vocab': 256, 'd': 128, 'layers': 96, 'n': 16, 'steps': 15000, 'batch': 8, 'seq': 256, 'lr': 0.002, 'weight_decay': 0.01, 'task': 'kv_retrieval', 'num_kv_pairs': 8, 'gain_target': 12.0, 'min_scale': 0.02, 'harm_k': 0.5, 'beta': 0.95, 'log_every': 500, 'device': 'cuda'}
Output: runs/pub15k_mhc_seed0
  step=    0 loss=5.7830 acc=0.0000 G_raw=1.51 G_app=1.03 scale=1.0000 floor=0
  step=  500 loss=4.8177 acc=0.0000 G_raw=1.49 G_app=1.03 scale=1.0000 floor=0
  step= 1000 loss=4.8622 acc=0.0156 G_raw=1.74 G_app=1.03 scale=1.0000 floor=0
  step= 1500 loss=4.8555 acc=0.0312 G_raw=2.38 G_app=1.03 scale=1.0000 floor=0
  step= 2000 loss=4.9002 acc=0.0000 G_raw=2.88 G_app=1.03 scale=1.0000 floor=0
  step= 2500 loss=4.8010 acc=0.0312 G_raw=4.64 G_app=1.03 scale=1.0000 floor=0
  step= 3000 loss=4.8764 acc=0.0156 G_raw=46.67 G_app=1.03 scale=1.0000 floor=0
  step= 3500 loss=4.7680 acc=0.0156 G_raw=94.52 G_app=1.03 scale=1.0000 floor=0
  step= 4000 loss=4.6885 acc=0.1094 G_raw=106.44 G_app=1.03 scale=1.0000 floor=0
  step= 4500 loss=4.6966 acc=0.0781 G_raw=101.02 G_app=1.03 scale=1.0000 floor=0
  step= 5000 loss=4.8133 acc=0.0312 G_raw=113.46 G_app=1.03 scale=1.0000 floor=0
  step= 5500 loss=4.6999 acc=0.1094 G_raw=106.55 G_app=1.03 scale=1.0000 floor=0
  step= 6000 loss=4.7344 acc=0.0625 G_raw=107.87 G_app=1.03 scale=1.0000 floor=0
  step= 6500 loss=4.8168 acc=0.0469 G_raw=108.08 G_app=1.03 scale=1.0000 floor=0
  step= 7000 loss=4.6669 acc=0.0625 G_raw=119.92 G_app=1.03 scale=1.0000 floor=0
  step= 7500 loss=4.6154 acc=0.0938 G_raw=133.12 G_app=1.03 scale=1.0000 floor=0
  step= 8000 loss=4.6320 acc=0.0781 G_raw=183.50 G_app=1.03 scale=1.0000 floor=0
  step= 8500 loss=4.6345 acc=0.0781 G_raw=177.99 G_app=1.03 scale=1.0000 floor=0
  step= 9000 loss=4.7986 acc=0.0312 G_raw=120.75 G_app=1.03 scale=1.0000 floor=0
  step= 9500 loss=4.7423 acc=0.0156 G_raw=167.99 G_app=1.03 scale=1.0000 floor=0
  step=10000 loss=4.6579 acc=0.0781 G_raw=605.27 G_app=1.03 scale=1.0000 floor=0
  step=10500 loss=4.5490 acc=0.0938 G_raw=388.67 G_app=1.02 scale=1.0000 floor=0
  step=11000 loss=4.6684 acc=0.0312 G_raw=153.38 G_app=1.03 scale=1.0000 floor=0
  step=11500 loss=4.5261 acc=0.0781 G_raw=112.93 G_app=1.03 scale=1.0000 floor=0
  step=12000 loss=4.6646 acc=0.0312 G_raw=103.78 G_app=1.03 scale=1.0000 floor=0
  step=12500 loss=4.5928 acc=0.1094 G_raw=139.83 G_app=1.03 scale=1.0000 floor=0
  step=13000 loss=4.5744 acc=0.0938 G_raw=133.67 G_app=1.03 scale=1.0000 floor=0
  step=13500 loss=4.6196 acc=0.1250 G_raw=128.52 G_app=1.03 scale=1.0000 floor=0
  step=14000 loss=4.6505 acc=0.0469 G_raw=138.24 G_app=1.03 scale=1.0000 floor=0
  step=14500 loss=4.6278 acc=0.1094 G_raw=142.80 G_app=1.03 scale=1.0000 floor=0
  step=14999 loss=4.5774 acc=0.1094 G_raw=149.85 G_app=1.03 scale=1.0000 floor=0

============================================================
Run complete: mhc_s0
  final_loss=4.5774, final_acc=0.1094
  max_gain_raw=605.27, max_gain_applied=1.03
  harm_scale_mean=1.0000, harm_scale_min=1.0000
  floor_hits=0, time=8620.5s
============================================================


Logs saved to: runs/pub15k_mhc_seed0
